
}
ARC=lx-amd64
BASH_FUNC_module()=() {  eval `/usr/bin/modulecmd bash $*`
_=/bin/env
COBBLER_SERVER=172.16.56.8
CONSOLETYPE=vt
CVS_RSH=ssh
ENVIRONMENT=BATCH
G_BROKEN_FILENAMES=1
HISTCONTROL=ignoredups
HISTSIZE=1000
HOME=/homes/cpinho
HOSTNAME=cn367.ihme.washington.edu
JOB_ID=157530469
JOB_NAME=env-b
JOB_SCRIPT=/var/spool/prod/cn367/job_scripts/157530469
LANG=en_US.UTF-8
LANGSH_SOURCED=1
LD_LIBRARY_PATH=/usr/lib64:/usr/local/epd-current/lib:/usr/local/boost-current
LESSOPEN=||/usr/bin/lesspipe.sh %s
LOADEDMODULES=
LOGNAME=cpinho
MAIL=/var/spool/mail/cpinho
MANPATH=/usr/local/UGE-prod/man:/usr/share/man/overrides:/usr/share/man/en:/usr/share/man:/usr/local/share/man
MODULEPATH=/usr/share/Modules/modulefiles:/etc/modulefiles
MODULESHOME=/usr/share/Modules
NHOSTS=1
NQUEUES=1
NSLOTS=1
PATH=/homes/cpinho/bin:/homes/cpinho/bin:/ihme/code/central_comp/miniconda/bin:/usr/local/UGE-prod/bin/lx-amd64:/tmp/157530469.1.all.q:~/DonaldDuck:/ihme/code/central_comp/miniconda_10_11_17/envs/py3/bin:/homes/cpinho/bin:/homes/cpinho/bin:/ihme/code/central_comp/miniconda/bin:/usr/local/UGE-prod/bin/lx-amd64:/usr/local/bin:/bin:/usr/bin:/usr/local/sbin:/usr/sbin:/sbin:/homes/cpinho/bin:/homes/cpinho/bin
PE_HOSTFILE=/var/spool/prod/cn367/active_jobs/157530469.1/pe_hostfile
PE=multi_slot
previous=N
PREVLEVEL=N
PWD=/snfs2/HOME/cpinho
QUEUE=all.q
REQNAME=env-b
REQUEST=env-b
RESTARTED=0
runlevel=3
RUNLEVEL=3
SGE_ACCOUNT=sge
SGE_ARCH=lx-amd64
SGE_BINARY_PATH=/share/local/UGE-prod/bin/lx-amd64
SGE_CELL=ihme
SGE_CLUSTER_NAME=prod
SGE_CWD_PATH=/homes/cpinho
SGE_JOB_SPOOL_DIR=/var/spool/prod/cn367/active_jobs/157530469.1
SGE_O_HOME=/homes/cpinho
SGE_O_HOST=cn385
SGE_O_LOGNAME=cpinho
SGE_O_MAIL=/var/spool/mail/cpinho
SGE_O_PATH=/ihme/code/central_comp/miniconda_10_11_17/envs/py3/bin:/homes/cpinho/bin:/homes/cpinho/bin:/ihme/code/central_comp/miniconda/bin:/usr/local/UGE-prod/bin/lx-amd64:/usr/local/bin:/bin:/usr/bin:/usr/local/sbin:/usr/sbin:/sbin:/homes/cpinho/bin
SGE_O_SHELL=/bin/bash
SGE_O_WORKDIR=/snfs2/HOME/cpinho/forked_jobmon
SGE_ROOT=/usr/local/UGE-prod
SGE_STDERR_PATH=/dev/null
SGE_STDIN_PATH=/dev/null
SGE_STDOUT_PATH=/snfs2/HOME/cpinho/forked_jobmon/env-b.out
SGE_TASK_FIRST=undefined
SGE_TASK_ID=undefined
SGE_TASK_LAST=undefined
SGE_TASK_STEPSIZE=undefined
SHELL=/bin/bash
SHLVL=3
STATATMP=/tmp
TERM=linux
TMPDIR=/tmp/157530469.1.all.q
TMP=/tmp/157530469.1.all.q
UPSTART_EVENTS=runlevel
UPSTART_INSTANCE=
UPSTART_JOB=rc
USER=cpinho

}
ARC=lx-amd64
BASH_FUNC_module()=() {  eval `/usr/bin/modulecmd bash $*`
_=/bin/env
COBBLER_SERVER=172.16.56.8
CONSOLETYPE=vt
CVS_RSH=ssh
ENVIRONMENT=BATCH
G_BROKEN_FILENAMES=1
HISTCONTROL=ignoredups
HISTSIZE=1000
HOME=/homes/cpinho
HOSTNAME=cn243.ihme.washington.edu
JOB_ID=157822292
JOB_NAME=env-b
JOB_SCRIPT=/var/spool/prod/cn243/job_scripts/157822292
LANG=en_US.UTF-8
LANGSH_SOURCED=1
LD_LIBRARY_PATH=/usr/lib64:/usr/local/epd-current/lib:/usr/local/boost-current
LESSOPEN=||/usr/bin/lesspipe.sh %s
LOADEDMODULES=
LOGNAME=cpinho
MAIL=/var/spool/mail/cpinho
MANPATH=/usr/local/UGE-prod/man:/usr/share/man/overrides:/usr/share/man/en:/usr/share/man:/usr/local/share/man
MODULEPATH=/usr/share/Modules/modulefiles:/etc/modulefiles
MODULESHOME=/usr/share/Modules
NHOSTS=1
NQUEUES=1
NSLOTS=1
PATH=/homes/cpinho/bin:/homes/cpinho/bin:/ihme/code/central_comp/miniconda/bin:/usr/local/UGE-prod/bin/lx-amd64:/tmp/157822292.1.all.q:~/DonaldDuck:/ihme/code/central_comp/miniconda_10_11_17/envs/py3/bin:/homes/cpinho/bin:/homes/cpinho/bin:/ihme/code/central_comp/miniconda/bin:/usr/local/UGE-prod/bin/lx-amd64:/usr/local/bin:/bin:/usr/bin:/usr/local/sbin:/usr/sbin:/sbin:/homes/cpinho/bin:/homes/cpinho/bin
PE_HOSTFILE=/var/spool/prod/cn243/active_jobs/157822292.1/pe_hostfile
PE=multi_slot
previous=N
PREVLEVEL=N
PWD=/snfs2/HOME/cpinho
QUEUE=all.q
REQNAME=env-b
REQUEST=env-b
RESTARTED=0
runlevel=3
RUNLEVEL=3
SGE_ACCOUNT=sge
SGE_ARCH=lx-amd64
SGE_BINARY_PATH=/share/local/UGE-prod/bin/lx-amd64
SGE_CELL=ihme
SGE_CLUSTER_NAME=prod
SGE_CWD_PATH=/homes/cpinho
SGE_JOB_SPOOL_DIR=/var/spool/prod/cn243/active_jobs/157822292.1
SGE_O_HOME=/homes/cpinho
SGE_O_HOST=cn358
SGE_O_LOGNAME=cpinho
SGE_O_MAIL=/var/spool/mail/cpinho
SGE_O_PATH=/ihme/code/central_comp/miniconda_10_11_17/envs/py3/bin:/homes/cpinho/bin:/homes/cpinho/bin:/ihme/code/central_comp/miniconda/bin:/usr/local/UGE-prod/bin/lx-amd64:/usr/local/bin:/bin:/usr/bin:/usr/local/sbin:/usr/sbin:/sbin:/homes/cpinho/bin
SGE_O_SHELL=/bin/bash
SGE_O_WORKDIR=/snfs2/HOME/cpinho/forked_jobmon
SGE_ROOT=/usr/local/UGE-prod
SGE_STDERR_PATH=/dev/null
SGE_STDIN_PATH=/dev/null
SGE_STDOUT_PATH=/snfs2/HOME/cpinho/forked_jobmon/env-b.out
SGE_TASK_FIRST=undefined
SGE_TASK_ID=undefined
SGE_TASK_LAST=undefined
SGE_TASK_STEPSIZE=undefined
SHELL=/bin/bash
SHLVL=3
STATATMP=/tmp
TERM=linux
TMPDIR=/tmp/157822292.1.all.q
TMP=/tmp/157822292.1.all.q
UPSTART_EVENTS=runlevel
UPSTART_INSTANCE=
UPSTART_JOB=rc
USER=cpinho
